Determining size of off64_t failed with the following output:
Change Dir: C:/Users/s4618455/Documents/KRATOS/kratos_geometry_id/Kratos/out/build/x64-Debug/CMakeFiles/CMakeTmp

Run Build Command(s):C:/Program Files (x86)/Microsoft Visual Studio/2019/Enterprise/Common7/IDE/CommonExtensions/Microsoft/CMake/Ninja/ninja.exe cmTC_3ccd4 && [1/2] Building C object CMakeFiles\cmTC_3ccd4.dir\OFF64_T.c.obj
FAILED: CMakeFiles/cmTC_3ccd4.dir/OFF64_T.c.obj 
C:\PROGRA~2\MIB055~1\2019\ENTERP~1\VC\Tools\MSVC\1423~1.281\bin\HostX64\x64\cl.exe  /nologo -DHAVE_STDDEF_H -DHAVE_STDINT_H -DHAVE_SYS_TYPES_H -D_LARGEFILE64_SOURCE=1  /DWIN32 /D_WINDOWS  /W1 /bigobj /EHsc -DBOOST_ALL_NO_LIB -D_SCL_SECURE_NO_WARNINGS -openmp  /MDd /Zi /Ob0 /Od /RTC1 /showIncludes /FoCMakeFiles\cmTC_3ccd4.dir\OFF64_T.c.obj /FdCMakeFiles\cmTC_3ccd4.dir\ /FS -c C:\Users\s4618455\Documents\KRATOS\kratos_geometry_id\Kratos\out\build\x64-Debug\CMakeFiles\CheckTypeSize\OFF64_T.c
C:\Users\s4618455\Documents\KRATOS\kratos_geometry_id\Kratos\out\build\x64-Debug\CMakeFiles\CheckTypeSize\OFF64_T.c(25): error C2065: 'off64_t': undeclared identifier
C:\Users\s4618455\Documents\KRATOS\kratos_geometry_id\Kratos\out\build\x64-Debug\CMakeFiles\CheckTypeSize\OFF64_T.c(26): error C2065: 'off64_t': undeclared identifier
C:\Users\s4618455\Documents\KRATOS\kratos_geometry_id\Kratos\out\build\x64-Debug\CMakeFiles\CheckTypeSize\OFF64_T.c(27): error C2065: 'off64_t': undeclared identifier
C:\Users\s4618455\Documents\KRATOS\kratos_geometry_id\Kratos\out\build\x64-Debug\CMakeFiles\CheckTypeSize\OFF64_T.c(28): error C2065: 'off64_t': undeclared identifier
C:\Users\s4618455\Documents\KRATOS\kratos_geometry_id\Kratos\out\build\x64-Debug\CMakeFiles\CheckTypeSize\OFF64_T.c(29): error C2065: 'off64_t': undeclared identifier
ninja: build stopped: subcommand failed.


C:/Users/s4618455/Documents/KRATOS/kratos_geometry_id/Kratos/out/build/x64-Debug/CMakeFiles/CheckTypeSize/OFF64_T.c:
#include <sys/types.h>
#include <stdint.h>
#include <stddef.h>


#undef KEY
#if defined(__i386)
# define KEY '_','_','i','3','8','6'
#elif defined(__x86_64)
# define KEY '_','_','x','8','6','_','6','4'
#elif defined(__ppc__)
# define KEY '_','_','p','p','c','_','_'
#elif defined(__ppc64__)
# define KEY '_','_','p','p','c','6','4','_','_'
#elif defined(__aarch64__)
# define KEY '_','_','a','a','r','c','h','6','4','_','_'
#elif defined(__ARM_ARCH_7A__)
# define KEY '_','_','A','R','M','_','A','R','C','H','_','7','A','_','_'
#elif defined(__ARM_ARCH_7S__)
# define KEY '_','_','A','R','M','_','A','R','C','H','_','7','S','_','_'
#endif

#define SIZE (sizeof(off64_t))
static char info_size[] =  {'I', 'N', 'F', 'O', ':', 's','i','z','e','[',
  ('0' + ((SIZE / 10000)%10)),
  ('0' + ((SIZE / 1000)%10)),
  ('0' + ((SIZE / 100)%10)),
  ('0' + ((SIZE / 10)%10)),
  ('0' +  (SIZE    % 10)),
  ']',
#ifdef KEY
  ' ','k','e','y','[', KEY, ']',
#endif
  '\0'};

#ifdef __CLASSIC_C__
int main(argc, argv) int argc; char *argv[];
#else
int main(int argc, char *argv[])
#endif
{
  int require = 0;
  require += info_size[argc];
  (void)argv;
  return require;
}


Determining if the function fseeko exists failed with the following output:
Change Dir: C:/Users/s4618455/Documents/KRATOS/kratos_geometry_id/Kratos/out/build/x64-Debug/CMakeFiles/CMakeTmp

Run Build Command(s):C:/Program Files (x86)/Microsoft Visual Studio/2019/Enterprise/Common7/IDE/CommonExtensions/Microsoft/CMake/Ninja/ninja.exe cmTC_ef526 && [1/2] Building C object CMakeFiles\cmTC_ef526.dir\CheckFunctionExists.c.obj
[2/2] Linking C executable cmTC_ef526.exe
FAILED: cmTC_ef526.exe 
cmd.exe /C "cd . && "C:\Program Files (x86)\Microsoft Visual Studio\2019\Enterprise\Common7\IDE\CommonExtensions\Microsoft\CMake\CMake\bin\cmake.exe" -E vs_link_exe --intdir=CMakeFiles\cmTC_ef526.dir --rc=C:\PROGRA~2\WI3CF2~1\10\bin\100183~1.0\x64\rc.exe --mt=C:\PROGRA~2\WI3CF2~1\10\bin\100183~1.0\x64\mt.exe --manifests  -- C:\PROGRA~2\MIB055~1\2019\ENTERP~1\VC\Tools\MSVC\1423~1.281\bin\Hostx64\x64\link.exe /nologo CMakeFiles\cmTC_ef526.dir\CheckFunctionExists.c.obj  /out:cmTC_ef526.exe /implib:cmTC_ef526.lib /pdb:cmTC_ef526.pdb /version:0.0  /machine:x64  /debug /INCREMENTAL /subsystem:console  kernel32.lib user32.lib gdi32.lib winspool.lib shell32.lib ole32.lib oleaut32.lib uuid.lib comdlg32.lib advapi32.lib && cd ."
LINK Pass 1: command "C:\PROGRA~2\MIB055~1\2019\ENTERP~1\VC\Tools\MSVC\1423~1.281\bin\Hostx64\x64\link.exe /nologo CMakeFiles\cmTC_ef526.dir\CheckFunctionExists.c.obj /out:cmTC_ef526.exe /implib:cmTC_ef526.lib /pdb:cmTC_ef526.pdb /version:0.0 /machine:x64 /debug /INCREMENTAL /subsystem:console kernel32.lib user32.lib gdi32.lib winspool.lib shell32.lib ole32.lib oleaut32.lib uuid.lib comdlg32.lib advapi32.lib /MANIFEST /MANIFESTFILE:CMakeFiles\cmTC_ef526.dir/intermediate.manifest CMakeFiles\cmTC_ef526.dir/manifest.res" failed (exit code 1120) with the following output:
CheckFunctionExists.c.obj : error LNK2019: unresolved external symbol fseeko referenced in function main
cmTC_ef526.exe : fatal error LNK1120: 1 unresolved externals
ninja: build stopped: subcommand failed.



Determining if the include file unistd.h exists failed with the following output:
Change Dir: C:/Users/s4618455/Documents/KRATOS/kratos_geometry_id/Kratos/out/build/x64-Debug/CMakeFiles/CMakeTmp

Run Build Command(s):C:/Program Files (x86)/Microsoft Visual Studio/2019/Enterprise/Common7/IDE/CommonExtensions/Microsoft/CMake/Ninja/ninja.exe cmTC_d4fd7 && [1/2] Building C object CMakeFiles\cmTC_d4fd7.dir\CheckIncludeFile.c.obj
FAILED: CMakeFiles/cmTC_d4fd7.dir/CheckIncludeFile.c.obj 
C:\PROGRA~2\MIB055~1\2019\ENTERP~1\VC\Tools\MSVC\1423~1.281\bin\HostX64\x64\cl.exe  /nologo   /DWIN32 /D_WINDOWS  /W1 /bigobj /EHsc -DBOOST_ALL_NO_LIB -D_SCL_SECURE_NO_WARNINGS -openmp  /MDd /Zi /Ob0 /Od /RTC1 /showIncludes /FoCMakeFiles\cmTC_d4fd7.dir\CheckIncludeFile.c.obj /FdCMakeFiles\cmTC_d4fd7.dir\ /FS -c CheckIncludeFile.c
CheckIncludeFile.c(1): fatal error C1083: Cannot open include file: 'unistd.h': No such file or directory
ninja: build stopped: subcommand failed.



Determining if the include file pthread.h exists failed with the following output:
Change Dir: C:/Users/s4618455/Documents/KRATOS/kratos_geometry_id/Kratos/out/build/x64-Debug/CMakeFiles/CMakeTmp

Run Build Command(s):C:/Program Files (x86)/Microsoft Visual Studio/2019/Enterprise/Common7/IDE/CommonExtensions/Microsoft/CMake/Ninja/ninja.exe cmTC_7fddf && [1/2] Building C object CMakeFiles\cmTC_7fddf.dir\CheckIncludeFile.c.obj
FAILED: CMakeFiles/cmTC_7fddf.dir/CheckIncludeFile.c.obj 
C:\PROGRA~2\MIB055~1\2019\ENTERP~1\VC\Tools\MSVC\1423~1.281\bin\HostX64\x64\cl.exe  /nologo   /DWIN32 /D_WINDOWS  /W1 /bigobj /EHsc -DBOOST_ALL_NO_LIB -D_SCL_SECURE_NO_WARNINGS -openmp  /MDd /Zi /Ob0 /Od /RTC1 /showIncludes /FoCMakeFiles\cmTC_7fddf.dir\CheckIncludeFile.c.obj /FdCMakeFiles\cmTC_7fddf.dir\ /FS -c CheckIncludeFile.c
CheckIncludeFile.c(1): fatal error C1083: Cannot open include file: 'pthread.h': No such file or directory
ninja: build stopped: subcommand failed.



